mode: set
github.com/dendrascience/dendra-archive-fuse/util/compress.go:20.41,21.34 1 0
github.com/dendrascience/dendra-archive-fuse/util/compress.go:21.34,23.3 1 0
github.com/dendrascience/dendra-archive-fuse/util/compress.go:24.2,26.8 1 0
github.com/dendrascience/dendra-archive-fuse/util/compress.go:46.55,47.34 1 0
github.com/dendrascience/dendra-archive-fuse/util/compress.go:47.34,49.3 1 0
github.com/dendrascience/dendra-archive-fuse/util/compress.go:50.2,51.16 2 0
github.com/dendrascience/dendra-archive-fuse/util/compress.go:51.16,53.3 1 0
github.com/dendrascience/dendra-archive-fuse/util/compress.go:54.2,55.16 2 0
github.com/dendrascience/dendra-archive-fuse/util/compress.go:55.16,57.3 1 0
github.com/dendrascience/dendra-archive-fuse/util/compress.go:58.2,62.16 5 0
github.com/dendrascience/dendra-archive-fuse/util/compress.go:65.49,67.16 2 0
github.com/dendrascience/dendra-archive-fuse/util/compress.go:67.16,69.3 1 0
github.com/dendrascience/dendra-archive-fuse/util/compress.go:70.2,71.27 2 0
github.com/dendrascience/dendra-archive-fuse/util/compress.go:74.66,76.16 2 0
github.com/dendrascience/dendra-archive-fuse/util/compress.go:76.16,78.3 1 0
github.com/dendrascience/dendra-archive-fuse/util/compress.go:79.2,80.29 2 0
github.com/dendrascience/dendra-archive-fuse/util/compress.go:80.29,81.25 1 0
github.com/dendrascience/dendra-archive-fuse/util/compress.go:81.25,83.4 1 0
github.com/dendrascience/dendra-archive-fuse/util/compress.go:85.2,85.19 1 0
github.com/dendrascience/dendra-archive-fuse/util/compress.go:88.62,90.16 2 0
github.com/dendrascience/dendra-archive-fuse/util/compress.go:90.16,92.3 1 0
github.com/dendrascience/dendra-archive-fuse/util/compress.go:93.2,93.19 1 0
github.com/dendrascience/dendra-archive-fuse/util/compress.go:93.19,95.3 1 0
github.com/dendrascience/dendra-archive-fuse/util/compress.go:96.2,98.16 3 0
github.com/dendrascience/dendra-archive-fuse/util/compress.go:98.16,100.3 1 0
github.com/dendrascience/dendra-archive-fuse/util/compress.go:101.2,106.16 4 0
github.com/dendrascience/dendra-archive-fuse/util/compress.go:106.16,108.3 1 0
github.com/dendrascience/dendra-archive-fuse/util/compress.go:109.2,109.28 1 0
github.com/dendrascience/dendra-archive-fuse/util/compress.go:109.28,110.16 1 0
github.com/dendrascience/dendra-archive-fuse/util/compress.go:110.16,111.12 1 0
github.com/dendrascience/dendra-archive-fuse/util/compress.go:113.3,114.21 2 0
github.com/dendrascience/dendra-archive-fuse/util/compress.go:114.21,116.4 1 0
github.com/dendrascience/dendra-archive-fuse/util/compress.go:117.3,119.23 3 0
github.com/dendrascience/dendra-archive-fuse/util/compress.go:119.23,121.4 1 0
github.com/dendrascience/dendra-archive-fuse/util/compress.go:122.3,123.21 2 0
github.com/dendrascience/dendra-archive-fuse/util/compress.go:123.21,125.4 1 0
github.com/dendrascience/dendra-archive-fuse/util/compress.go:128.2,128.12 1 0
github.com/dendrascience/dendra-archive-fuse/util/compress.go:131.51,135.16 3 0
github.com/dendrascience/dendra-archive-fuse/util/compress.go:135.16,137.3 1 0
github.com/dendrascience/dendra-archive-fuse/util/compress.go:138.2,138.19 1 0
github.com/dendrascience/dendra-archive-fuse/util/compress.go:138.19,140.3 1 0
github.com/dendrascience/dendra-archive-fuse/util/compress.go:141.2,143.16 3 0
github.com/dendrascience/dendra-archive-fuse/util/compress.go:143.16,145.3 1 0
github.com/dendrascience/dendra-archive-fuse/util/compress.go:146.2,148.15 3 0
github.com/dendrascience/dendra-archive-fuse/util/compress.go:148.15,150.17 2 0
github.com/dendrascience/dendra-archive-fuse/util/compress.go:150.17,152.4 1 0
github.com/dendrascience/dendra-archive-fuse/util/compress.go:153.3,153.29 1 0
github.com/dendrascience/dendra-archive-fuse/util/compress.go:153.29,155.44 2 0
github.com/dendrascience/dendra-archive-fuse/util/compress.go:155.44,156.13 1 0
github.com/dendrascience/dendra-archive-fuse/util/compress.go:158.4,158.27 1 0
github.com/dendrascience/dendra-archive-fuse/util/compress.go:158.27,159.13 1 0
github.com/dendrascience/dendra-archive-fuse/util/compress.go:161.4,161.17 1 0
github.com/dendrascience/dendra-archive-fuse/util/compress.go:161.17,162.13 1 0
github.com/dendrascience/dendra-archive-fuse/util/compress.go:164.4,165.18 2 0
github.com/dendrascience/dendra-archive-fuse/util/compress.go:165.18,167.5 1 0
github.com/dendrascience/dendra-archive-fuse/util/compress.go:168.4,170.18 3 0
github.com/dendrascience/dendra-archive-fuse/util/compress.go:170.18,172.5 1 0
github.com/dendrascience/dendra-archive-fuse/util/compress.go:173.4,173.22 1 0
github.com/dendrascience/dendra-archive-fuse/util/compress.go:176.8,180.80 1 0
github.com/dendrascience/dendra-archive-fuse/util/compress.go:180.80,182.46 2 0
github.com/dendrascience/dendra-archive-fuse/util/compress.go:182.46,184.5 1 0
github.com/dendrascience/dendra-archive-fuse/util/compress.go:185.4,185.17 1 0
github.com/dendrascience/dendra-archive-fuse/util/compress.go:185.17,188.5 2 0
github.com/dendrascience/dendra-archive-fuse/util/compress.go:189.4,190.22 2 0
github.com/dendrascience/dendra-archive-fuse/util/compress.go:190.22,192.5 1 0
github.com/dendrascience/dendra-archive-fuse/util/compress.go:193.4,195.24 3 0
github.com/dendrascience/dendra-archive-fuse/util/compress.go:195.24,197.5 1 0
github.com/dendrascience/dendra-archive-fuse/util/compress.go:198.4,199.14 2 0
github.com/dendrascience/dendra-archive-fuse/util/compress.go:202.2,202.12 1 0
github.com/dendrascience/dendra-archive-fuse/util/hasher.go:46.52,54.2 1 0
github.com/dendrascience/dendra-archive-fuse/util/hasher.go:56.60,57.34 1 0
github.com/dendrascience/dendra-archive-fuse/util/hasher.go:57.34,58.20 1 0
github.com/dendrascience/dendra-archive-fuse/util/hasher.go:58.20,60.4 1 0
github.com/dendrascience/dendra-archive-fuse/util/hasher.go:64.43,67.2 2 0
github.com/dendrascience/dendra-archive-fuse/util/hasher.go:69.47,70.42 1 0
github.com/dendrascience/dendra-archive-fuse/util/hasher.go:70.42,72.3 1 0
github.com/dendrascience/dendra-archive-fuse/util/hasher.go:73.2,74.12 2 0
github.com/dendrascience/dendra-archive-fuse/util/hasher.go:77.49,78.42 1 0
github.com/dendrascience/dendra-archive-fuse/util/hasher.go:78.42,80.3 1 0
github.com/dendrascience/dendra-archive-fuse/util/hasher.go:81.2,81.25 1 0
github.com/dendrascience/dendra-archive-fuse/util/hasher.go:84.29,87.2 2 0
github.com/dendrascience/dendra-archive-fuse/util/hasher.go:89.32,91.2 1 0
github.com/dendrascience/dendra-archive-fuse/util/hasher.go:93.37,95.2 1 0
github.com/dendrascience/dendra-archive-fuse/util/hasher.go:97.42,99.2 1 0
github.com/dendrascience/dendra-archive-fuse/util/hasher.go:102.50,103.18 1 0
github.com/dendrascience/dendra-archive-fuse/util/hasher.go:103.18,105.3 1 0
github.com/dendrascience/dendra-archive-fuse/util/hasher.go:106.2,106.15 1 0
github.com/dendrascience/dendra-archive-fuse/util/hasher.go:106.15,108.3 1 0
github.com/dendrascience/dendra-archive-fuse/util/hasher.go:109.2,109.26 1 0
github.com/dendrascience/dendra-archive-fuse/util/hasher.go:112.89,115.24 3 0
github.com/dendrascience/dendra-archive-fuse/util/hasher.go:115.24,117.3 1 0
github.com/dendrascience/dendra-archive-fuse/util/hasher.go:119.2,119.50 1 0
github.com/dendrascience/dendra-archive-fuse/util/hasher.go:119.50,122.3 2 0
github.com/dendrascience/dendra-archive-fuse/util/hasher.go:123.2,123.16 1 0
github.com/dendrascience/dendra-archive-fuse/util/hasher.go:123.16,125.3 1 0
github.com/dendrascience/dendra-archive-fuse/util/hasher.go:126.2,126.18 1 0
github.com/dendrascience/dendra-archive-fuse/util/hasher.go:126.18,128.3 1 0
github.com/dendrascience/dendra-archive-fuse/util/hasher.go:129.2,130.16 2 0
github.com/dendrascience/dendra-archive-fuse/util/hasher.go:130.16,132.3 1 0
github.com/dendrascience/dendra-archive-fuse/util/hasher.go:134.2,140.15 7 0
github.com/dendrascience/dendra-archive-fuse/util/hasher.go:143.52,145.16 2 0
github.com/dendrascience/dendra-archive-fuse/util/hasher.go:145.16,147.3 1 0
github.com/dendrascience/dendra-archive-fuse/util/hasher.go:149.2,151.44 3 0
github.com/dendrascience/dendra-archive-fuse/util/hasher.go:160.119,163.21 2 0
github.com/dendrascience/dendra-archive-fuse/util/hasher.go:163.21,165.17 2 0
github.com/dendrascience/dendra-archive-fuse/util/hasher.go:165.17,167.12 2 0
github.com/dendrascience/dendra-archive-fuse/util/hasher.go:169.3,169.10 1 0
github.com/dendrascience/dendra-archive-fuse/util/hasher.go:173.91,174.18 1 0
github.com/dendrascience/dendra-archive-fuse/util/hasher.go:174.18,176.3 1 0
github.com/dendrascience/dendra-archive-fuse/util/hasher.go:176.8,178.3 1 0
github.com/dendrascience/dendra-archive-fuse/util/hasher.go:180.2,188.29 7 0
github.com/dendrascience/dendra-archive-fuse/util/hasher.go:188.29,190.3 1 0
github.com/dendrascience/dendra-archive-fuse/util/hasher.go:193.2,193.12 1 0
github.com/dendrascience/dendra-archive-fuse/util/hasher.go:193.12,195.89 2 0
github.com/dendrascience/dendra-archive-fuse/util/hasher.go:195.89,196.18 1 0
github.com/dendrascience/dendra-archive-fuse/util/hasher.go:196.18,198.5 1 0
github.com/dendrascience/dendra-archive-fuse/util/hasher.go:199.4,199.44 1 0
github.com/dendrascience/dendra-archive-fuse/util/hasher.go:199.44,201.5 1 0
github.com/dendrascience/dendra-archive-fuse/util/hasher.go:202.4,202.52 1 0
github.com/dendrascience/dendra-archive-fuse/util/hasher.go:202.52,204.5 1 0
github.com/dendrascience/dendra-archive-fuse/util/hasher.go:204.10,204.40 1 0
github.com/dendrascience/dendra-archive-fuse/util/hasher.go:204.40,206.5 1 0
github.com/dendrascience/dendra-archive-fuse/util/hasher.go:208.4,209.14 2 0
github.com/dendrascience/dendra-archive-fuse/util/hasher.go:211.3,211.17 1 0
github.com/dendrascience/dendra-archive-fuse/util/hasher.go:211.17,213.4 1 0
github.com/dendrascience/dendra-archive-fuse/util/hasher.go:217.2,217.12 1 0
github.com/dendrascience/dendra-archive-fuse/util/hasher.go:217.12,221.3 3 0
github.com/dendrascience/dendra-archive-fuse/util/hasher.go:223.2,224.19 2 0
github.com/dendrascience/dendra-archive-fuse/util/hasher.go:224.19,225.10 1 0
github.com/dendrascience/dendra-archive-fuse/util/hasher.go:226.36,227.11 1 0
github.com/dendrascience/dendra-archive-fuse/util/hasher.go:227.11,229.13 2 0
github.com/dendrascience/dendra-archive-fuse/util/hasher.go:231.4,231.14 1 0
github.com/dendrascience/dendra-archive-fuse/util/hasher.go:232.29,233.11 1 0
github.com/dendrascience/dendra-archive-fuse/util/hasher.go:233.11,235.13 2 0
github.com/dendrascience/dendra-archive-fuse/util/hasher.go:237.4,237.11 1 0
github.com/dendrascience/dendra-archive-fuse/util/hasher.go:238.20,239.13 1 0
github.com/dendrascience/dendra-archive-fuse/util/hasher.go:240.40,241.13 1 0
github.com/dendrascience/dendra-archive-fuse/util/hasher.go:242.41,243.13 1 0
github.com/dendrascience/dendra-archive-fuse/util/hasher.go:244.46,245.13 1 0
github.com/dendrascience/dendra-archive-fuse/util/hasher.go:246.12,248.30 2 0
github.com/dendrascience/dendra-archive-fuse/util/hasher.go:252.2,253.16 2 0
github.com/dendrascience/dendra-archive-fuse/util/hasher.go:256.73,260.92 3 0
github.com/dendrascience/dendra-archive-fuse/util/hasher.go:260.92,261.32 1 0
github.com/dendrascience/dendra-archive-fuse/util/hasher.go:261.32,263.4 1 0
github.com/dendrascience/dendra-archive-fuse/util/hasher.go:264.3,264.22 1 0
github.com/dendrascience/dendra-archive-fuse/util/hasher.go:264.22,266.4 1 0
github.com/dendrascience/dendra-archive-fuse/util/hasher.go:267.3,268.25 2 0
github.com/dendrascience/dendra-archive-fuse/util/hasher.go:268.25,270.4 1 0
github.com/dendrascience/dendra-archive-fuse/util/hasher.go:271.3,271.38 1 0
github.com/dendrascience/dendra-archive-fuse/util/hasher.go:271.38,273.4 1 0
github.com/dendrascience/dendra-archive-fuse/util/hasher.go:274.3,274.43 1 0
github.com/dendrascience/dendra-archive-fuse/util/hasher.go:274.43,277.4 2 0
github.com/dendrascience/dendra-archive-fuse/util/hasher.go:278.3,278.17 1 0
github.com/dendrascience/dendra-archive-fuse/util/hasher.go:278.17,280.4 1 0
github.com/dendrascience/dendra-archive-fuse/util/hasher.go:282.3,283.13 2 0
github.com/dendrascience/dendra-archive-fuse/util/hasher.go:285.2,285.20 1 0
github.com/dendrascience/dendra-archive-fuse/util/hasher.go:285.20,287.3 1 0
github.com/dendrascience/dendra-archive-fuse/util/hasher.go:288.2,291.16 4 0
github.com/dendrascience/dendra-archive-fuse/util/hasher.go:291.16,293.3 1 0
github.com/dendrascience/dendra-archive-fuse/util/hasher.go:294.2,295.16 2 0
github.com/dendrascience/dendra-archive-fuse/util/hasher.go:295.16,297.3 1 0
github.com/dendrascience/dendra-archive-fuse/util/hasher.go:298.2,298.28 1 0
github.com/dendrascience/dendra-archive-fuse/util/hasher.go:298.28,300.17 2 0
github.com/dendrascience/dendra-archive-fuse/util/hasher.go:300.17,302.4 1 0
github.com/dendrascience/dendra-archive-fuse/util/hasher.go:304.2,304.12 1 0
github.com/dendrascience/dendra-archive-fuse/util/hasher.go:308.46,310.16 2 0
github.com/dendrascience/dendra-archive-fuse/util/hasher.go:310.16,312.3 1 0
github.com/dendrascience/dendra-archive-fuse/util/hasher.go:313.2,314.37 2 0
github.com/dendrascience/dendra-archive-fuse/util/hasher.go:318.50,319.18 1 0
github.com/dendrascience/dendra-archive-fuse/util/hasher.go:319.18,321.3 1 0
github.com/dendrascience/dendra-archive-fuse/util/hasher.go:322.2,322.15 1 0
github.com/dendrascience/dendra-archive-fuse/util/hasher.go:322.15,324.3 1 0
github.com/dendrascience/dendra-archive-fuse/util/hasher.go:325.2,325.36 1 0
github.com/dendrascience/dendra-archive-fuse/util/hasher.go:328.46,330.27 2 0
github.com/dendrascience/dendra-archive-fuse/util/hasher.go:330.27,332.3 1 0
github.com/dendrascience/dendra-archive-fuse/util/hasher.go:333.2,333.19 1 0
github.com/dendrascience/dendra-archive-fuse/util/hasher.go:336.47,338.27 2 0
github.com/dendrascience/dendra-archive-fuse/util/hasher.go:338.27,340.3 1 0
github.com/dendrascience/dendra-archive-fuse/util/hasher.go:341.2,341.19 1 0
github.com/dendrascience/dendra-archive-fuse/util/hasher.go:345.62,348.2 2 0
github.com/dendrascience/dendra-archive-fuse/util/hasher.go:350.48,352.27 2 0
github.com/dendrascience/dendra-archive-fuse/util/hasher.go:352.27,354.3 1 0
github.com/dendrascience/dendra-archive-fuse/util/hasher.go:355.2,355.14 1 0
github.com/dendrascience/dendra-archive-fuse/util/hasher.go:358.59,360.2 1 0
github.com/dendrascience/dendra-archive-fuse/util/hasher.go:362.52,364.21 2 0
github.com/dendrascience/dendra-archive-fuse/util/hasher.go:364.21,366.3 1 0
github.com/dendrascience/dendra-archive-fuse/util/hasher.go:367.2,367.22 1 0
github.com/dendrascience/dendra-archive-fuse/util/hasher.go:370.43,379.2 6 0
github.com/dendrascience/dendra-archive-fuse/util/hasher.go:381.63,383.20 2 0
github.com/dendrascience/dendra-archive-fuse/util/hasher.go:383.20,385.3 1 0
github.com/dendrascience/dendra-archive-fuse/util/hasher.go:386.2,386.47 1 0
github.com/dendrascience/dendra-archive-fuse/util/hasher.go:389.57,391.20 2 0
github.com/dendrascience/dendra-archive-fuse/util/hasher.go:391.20,393.3 1 0
github.com/dendrascience/dendra-archive-fuse/util/hasher.go:394.2,394.39 1 0
github.com/dendrascience/dendra-archive-fuse/util/hasher.go:398.56,400.16 2 0
github.com/dendrascience/dendra-archive-fuse/util/hasher.go:400.16,402.3 1 0
github.com/dendrascience/dendra-archive-fuse/util/hasher.go:403.2,403.18 1 0
github.com/dendrascience/dendra-archive-fuse/util/hasher.go:403.18,405.3 1 0
github.com/dendrascience/dendra-archive-fuse/util/hasher.go:406.2,407.16 2 0
github.com/dendrascience/dendra-archive-fuse/util/hasher.go:407.16,409.3 1 0
github.com/dendrascience/dendra-archive-fuse/util/hasher.go:410.2,411.22 2 0
github.com/dendrascience/dendra-archive-fuse/util/hasher.go:414.43,416.41 2 1
github.com/dendrascience/dendra-archive-fuse/util/hasher.go:416.41,418.3 1 0
github.com/dendrascience/dendra-archive-fuse/util/hasher.go:419.2,419.43 1 1
github.com/dendrascience/dendra-archive-fuse/util/inode.go:10.27,15.2 4 0
github.com/dendrascience/dendra-archive-fuse/util/inode.go:17.24,18.20 1 0
github.com/dendrascience/dendra-archive-fuse/util/inode.go:18.20,21.23 3 0
github.com/dendrascience/dendra-archive-fuse/util/inode.go:21.23,23.4 1 0
github.com/dendrascience/dendra-archive-fuse/util/inode.go:27.45,29.2 1 0
github.com/dendrascience/dendra-archive-fuse/util/metadata.go:21.26,23.2 1 0
github.com/dendrascience/dendra-archive-fuse/util/metadata.go:32.70,34.16 2 0
github.com/dendrascience/dendra-archive-fuse/util/metadata.go:34.16,36.17 2 0
github.com/dendrascience/dendra-archive-fuse/util/metadata.go:36.17,38.4 1 0
github.com/dendrascience/dendra-archive-fuse/util/metadata.go:39.3,39.38 1 0
github.com/dendrascience/dendra-archive-fuse/util/metadata.go:41.2,47.15 7 0
github.com/dendrascience/dendra-archive-fuse/util/metadata.go:50.43,51.38 1 0
github.com/dendrascience/dendra-archive-fuse/util/metadata.go:51.38,53.3 1 0
github.com/dendrascience/dendra-archive-fuse/util/metadata.go:54.2,55.16 2 0
github.com/dendrascience/dendra-archive-fuse/util/metadata.go:55.16,57.3 1 0
github.com/dendrascience/dendra-archive-fuse/util/metadata.go:58.2,61.12 4 0
github.com/dendrascience/dendra-archive-fuse/util/metadata.go:64.46,65.38 1 0
github.com/dendrascience/dendra-archive-fuse/util/metadata.go:65.38,67.3 1 0
github.com/dendrascience/dendra-archive-fuse/util/metadata.go:68.2,69.16 2 0
github.com/dendrascience/dendra-archive-fuse/util/metadata.go:69.16,71.3 1 0
github.com/dendrascience/dendra-archive-fuse/util/metadata.go:72.2,75.12 4 0
github.com/dendrascience/dendra-archive-fuse/util/repack.go:20.68,22.16 2 0
github.com/dendrascience/dendra-archive-fuse/util/repack.go:22.16,24.3 1 0
github.com/dendrascience/dendra-archive-fuse/util/repack.go:25.2,25.18 1 0
github.com/dendrascience/dendra-archive-fuse/util/repack.go:25.18,27.3 1 0
github.com/dendrascience/dendra-archive-fuse/util/repack.go:28.2,29.16 2 0
github.com/dendrascience/dendra-archive-fuse/util/repack.go:29.16,31.3 1 0
github.com/dendrascience/dendra-archive-fuse/util/repack.go:32.2,57.16 4 0
github.com/dendrascience/dendra-archive-fuse/util/repack.go:60.57,62.16 2 0
github.com/dendrascience/dendra-archive-fuse/util/repack.go:62.16,64.3 1 0
github.com/dendrascience/dendra-archive-fuse/util/repack.go:65.2,66.31 2 0
github.com/dendrascience/dendra-archive-fuse/util/repack.go:66.31,68.17 2 0
github.com/dendrascience/dendra-archive-fuse/util/repack.go:68.17,70.4 1 0
github.com/dendrascience/dendra-archive-fuse/util/repack.go:71.3,71.43 1 0
github.com/dendrascience/dendra-archive-fuse/util/repack.go:73.2,73.22 1 0
github.com/dendrascience/dendra-archive-fuse/util/repack.go:76.50,82.2 5 0
github.com/dendrascience/dendra-archive-fuse/util/repack.go:84.60,85.31 1 0
github.com/dendrascience/dendra-archive-fuse/util/repack.go:85.31,87.17 2 0
github.com/dendrascience/dendra-archive-fuse/util/repack.go:87.17,90.4 2 0
github.com/dendrascience/dendra-archive-fuse/util/repack.go:91.3,92.17 2 0
github.com/dendrascience/dendra-archive-fuse/util/repack.go:92.17,95.4 2 0
github.com/dendrascience/dendra-archive-fuse/util/repack.go:97.2,98.12 2 0
github.com/dendrascience/dendra-archive-fuse/util/repack.go:101.43,105.16 4 0
github.com/dendrascience/dendra-archive-fuse/util/repack.go:105.16,107.3 1 0
github.com/dendrascience/dendra-archive-fuse/util/repack.go:108.2,108.52 1 0
github.com/dendrascience/dendra-archive-fuse/util/repack.go:108.52,110.3 1 0
github.com/dendrascience/dendra-archive-fuse/util/repack.go:112.2,114.29 3 0
github.com/dendrascience/dendra-archive-fuse/util/repack.go:114.29,116.3 1 0
github.com/dendrascience/dendra-archive-fuse/util/repack.go:117.2,117.35 1 0
github.com/dendrascience/dendra-archive-fuse/util/repack.go:117.35,119.3 1 0
github.com/dendrascience/dendra-archive-fuse/util/repack.go:121.2,125.29 3 0
github.com/dendrascience/dendra-archive-fuse/util/repack.go:125.29,126.35 1 0
github.com/dendrascience/dendra-archive-fuse/util/repack.go:126.35,128.4 1 0
github.com/dendrascience/dendra-archive-fuse/util/repack.go:131.2,131.19 1 0
github.com/dendrascience/dendra-archive-fuse/util/repack.go:131.19,134.3 1 0
github.com/dendrascience/dendra-archive-fuse/util/repack.go:136.2,136.12 1 0
github.com/dendrascience/dendra-archive-fuse/util/repack.go:139.40,147.16 3 0
github.com/dendrascience/dendra-archive-fuse/util/repack.go:147.16,149.17 2 0
github.com/dendrascience/dendra-archive-fuse/util/repack.go:149.17,151.4 1 0
github.com/dendrascience/dendra-archive-fuse/util/repack.go:152.3,155.29 2 0
github.com/dendrascience/dendra-archive-fuse/util/repack.go:155.29,158.18 3 0
github.com/dendrascience/dendra-archive-fuse/util/repack.go:158.18,159.36 1 0
github.com/dendrascience/dendra-archive-fuse/util/repack.go:159.36,160.14 1 0
github.com/dendrascience/dendra-archive-fuse/util/repack.go:162.5,162.15 1 0
github.com/dendrascience/dendra-archive-fuse/util/repack.go:164.4,166.18 3 0
github.com/dendrascience/dendra-archive-fuse/util/repack.go:166.18,168.5 1 0
github.com/dendrascience/dendra-archive-fuse/util/repack.go:169.4,171.18 3 0
github.com/dendrascience/dendra-archive-fuse/util/repack.go:171.18,173.5 1 0
github.com/dendrascience/dendra-archive-fuse/util/repack.go:177.2,177.50 1 0
github.com/dendrascience/dendra-archive-fuse/util/subfile.go:11.86,14.16 3 1
github.com/dendrascience/dendra-archive-fuse/util/subfile.go:14.16,16.3 1 1
github.com/dendrascience/dendra-archive-fuse/util/subfile.go:17.2,17.19 1 1
github.com/dendrascience/dendra-archive-fuse/util/subfile.go:17.19,20.3 2 1
github.com/dendrascience/dendra-archive-fuse/util/subfile.go:21.2,23.16 3 1
github.com/dendrascience/dendra-archive-fuse/util/subfile.go:23.16,25.3 1 0
github.com/dendrascience/dendra-archive-fuse/util/subfile.go:26.2,26.26 1 1
github.com/dendrascience/dendra-archive-fuse/util/subfile.go:26.26,27.42 1 1
github.com/dendrascience/dendra-archive-fuse/util/subfile.go:27.42,28.12 1 0
github.com/dendrascience/dendra-archive-fuse/util/subfile.go:30.3,30.17 1 1
github.com/dendrascience/dendra-archive-fuse/util/subfile.go:30.17,32.22 2 1
github.com/dendrascience/dendra-archive-fuse/util/subfile.go:32.22,34.5 1 1
github.com/dendrascience/dendra-archive-fuse/util/subfile.go:35.9,38.9 3 1
github.com/dendrascience/dendra-archive-fuse/util/subfile.go:38.9,40.5 1 1
github.com/dendrascience/dendra-archive-fuse/util/subfile.go:41.4,42.18 2 1
github.com/dendrascience/dendra-archive-fuse/util/subfile.go:42.18,44.5 1 0
github.com/dendrascience/dendra-archive-fuse/util/subfile.go:47.2,47.35 1 1
github.com/dendrascience/dendra-archive-fuse/util/subfile.go:67.77,70.16 3 1
github.com/dendrascience/dendra-archive-fuse/util/subfile.go:70.16,72.3 1 0
github.com/dendrascience/dendra-archive-fuse/util/subfile.go:74.2,75.16 2 1
github.com/dendrascience/dendra-archive-fuse/util/subfile.go:75.16,77.3 1 0
github.com/dendrascience/dendra-archive-fuse/util/subfile.go:79.2,83.26 3 1
github.com/dendrascience/dendra-archive-fuse/util/subfile.go:83.26,84.42 1 1
github.com/dendrascience/dendra-archive-fuse/util/subfile.go:84.42,85.12 1 0
github.com/dendrascience/dendra-archive-fuse/util/subfile.go:87.3,87.17 1 1
github.com/dendrascience/dendra-archive-fuse/util/subfile.go:87.17,89.4 1 1
github.com/dendrascience/dendra-archive-fuse/util/subfile.go:89.9,91.4 1 1
github.com/dendrascience/dendra-archive-fuse/util/subfile.go:96.2,96.13 1 1
github.com/dendrascience/dendra-archive-fuse/util/subfile.go:96.13,99.3 2 1
github.com/dendrascience/dendra-archive-fuse/util/subfile.go:102.2,102.16 1 1
github.com/dendrascience/dendra-archive-fuse/util/subfile.go:102.16,104.27 1 1
github.com/dendrascience/dendra-archive-fuse/util/subfile.go:104.27,106.17 1 1
github.com/dendrascience/dendra-archive-fuse/util/subfile.go:106.17,108.19 2 1
github.com/dendrascience/dendra-archive-fuse/util/subfile.go:108.19,110.6 1 0
github.com/dendrascience/dendra-archive-fuse/util/subfile.go:111.5,111.47 1 1
github.com/dendrascience/dendra-archive-fuse/util/subfile.go:117.2,117.14 1 1
github.com/dendrascience/dendra-archive-fuse/util/subfile.go:117.14,119.3 1 1
github.com/dendrascience/dendra-archive-fuse/util/subfile.go:121.2,121.24 1 1
